<?xml version="1.0" encoding="UTF-8"?>
<!-- Generated by org.testng.reporters.JUnitReportReporter -->
<testsuite name="GithubTestCases" tests="1" failures="0" timestamp="6 Jul 2016 09:23:18 GMT" time="14.648" errors="0">
  <testcase name="testshell3" time="14.648" classname="GithubTestCases"/>
</testsuite> <!-- GithubTestCases -->
