<?xml version="1.0" encoding="UTF-8"?>
<!-- Generated by org.testng.reporters.JUnitReportReporter -->
<testsuite name="GithubTestCases" tests="1" failures="0" timestamp="5 Jul 2016 12:59:35 GMT" time="1.356" errors="0">
  <testcase name="testcommits" time="1.356" classname="GithubTestCases"/>
</testsuite> <!-- GithubTestCases -->
